<?xml version="1.0" encoding="UTF-8" ?>
<testsuites>
  <testsuite errors="0" failures="0" hostname="vodkalimon.local" id="0" name="CompanyControllerTests" package="hub" tests="8" time="5.387" timestamp="2012-07-24T18:12:39">
      <properties />

      <testcase classname="hub.CompanyControllerTests" name="testIndex" time="3.091" />

      <testcase classname="hub.CompanyControllerTests" name="testList" time="0.828" />

      <testcase classname="hub.CompanyControllerTests" name="testCreate" time="0.142" />

      <testcase classname="hub.CompanyControllerTests" name="testSave" time="0.491" />

      <testcase classname="hub.CompanyControllerTests" name="testShow" time="0.2" />

      <testcase classname="hub.CompanyControllerTests" name="testEdit" time="0.146" />

      <testcase classname="hub.CompanyControllerTests" name="testUpdate" time="0.186" />

      <testcase classname="hub.CompanyControllerTests" name="testDelete" time="0.128" />

      <system-out><![CDATA[--Output from testIndex--
--Output from testList--
--Output from testCreate--
--Output from testSave--
--Output from testShow--
--Output from testEdit--
--Output from testUpdate--
--Output from testDelete--
]]></system-out>

      <system-err><![CDATA[--Output from testIndex--
--Output from testList--
--Output from testCreate--
--Output from testSave--
--Output from testShow--
--Output from testEdit--
--Output from testUpdate--
--Output from testDelete--
]]></system-err>

  </testsuite>
  <testsuite errors="0" failures="1" hostname="vodkalimon.local" id="1" name="CompanyTests" package="hub" tests="1" time="0.563" timestamp="2012-07-24T18:12:45">
      <properties />

      <testcase classname="hub.CompanyTests" name="testSomething" time="0.149">
          <failure message="junit.framework.AssertionFailedError: Implement me" type="junit.framework.AssertionFailedError">junit.framework.AssertionFailedError: junit.framework.AssertionFailedError: Implement me
	at hub.CompanyTests.testSomething(CompanyTests.groovy:15)
</failure>

      </testcase>

      <system-out><![CDATA[--Output from testSomething--
]]></system-out>

      <system-err><![CDATA[--Output from testSomething--
]]></system-err>

  </testsuite>
  <testsuite errors="0" failures="1" hostname="vodkalimon.local" id="2" name="HomeControllerTests" package="hub" tests="1" time="0.434" timestamp="2012-07-24T18:12:45">
      <properties />

      <testcase classname="hub.HomeControllerTests" name="testSomething" time="0.43">
          <failure message="junit.framework.AssertionFailedError: Implement me" type="junit.framework.AssertionFailedError">junit.framework.AssertionFailedError: junit.framework.AssertionFailedError: Implement me
	at hub.HomeControllerTests.testSomething(HomeControllerTests.groovy:15)
</failure>

      </testcase>

      <system-out><![CDATA[--Output from testSomething--
]]></system-out>

      <system-err><![CDATA[--Output from testSomething--
]]></system-err>

  </testsuite>
</testsuites>
